<?xml version="1.0" encoding="UTF-8"?>
<testsuite xmlns:xsi="http://www.w3.org/2001/XMLSchema-instance" xsi:noNamespaceSchemaLocation="https://maven.apache.org/surefire/maven-surefire-plugin/xsd/surefire-test-report.xsd" version="3.0.2" name="com.example.Back.integration.YandexOAuthIT" time="3.764" tests="3" errors="0" skipped="0" failures="0" flakes="0">
  <properties>
[...]
</properties>
  <testcase name="callback_createsUserAndReturnsTokens" classname="com.example.Back.integration.YandexOAuthIT" time="0.121">
    <system-out><![CDATA[2026-05-31T17:32:49.252+03:00  INFO 33344 --- [           main] t.c.s.AnnotationConfigContextLoaderUtils : Could not detect default configuration classes for test class [com.example.Back.integration.YandexOAuthIT]: YandexOAuthIT does not declare any static, non-private, non-final, nested classes annotated with @Configuration.
2026-05-31T17:32:49.277+03:00  INFO 33344 --- [           main] .b.t.c.SpringBootTestContextBootstrapper : Found @SpringBootConfiguration com.example.Back.BackApplication for test class com.example.Back.integration.YandexOAuthIT
2026-05-31T17:32:49.277+03:00  INFO 33344 --- [           main] t.c.s.AnnotationConfigContextLoaderUtils : Could not detect default configuration classes for test class [com.example.Back.integration.YandexOAuthIT]: YandexOAuthIT does not declare any static, non-private, non-final, nested classes annotated with @Configuration.
2026-05-31T17:32:49.291+03:00  INFO 33344 --- [           main] .b.t.c.SpringBootTestContextBootstrapper : Found @SpringBootConfiguration com.example.Back.BackApplication for test class com.example.Back.integration.YandexOAuthIT
2026-05-31T17:32:49.293+03:00  INFO 33344 --- [           main] tc.postgres:16-alpine                    : Creating container for image: postgres:16-alpine
2026-05-31T17:32:49.439+03:00  INFO 33344 --- [           main] tc.postgres:16-alpine                    : Container postgres:16-alpine is starting: ef99191107cd2e64407687e8b067f83e1307113f196812781c660560285141b9
2026-05-31T17:32:51.701+03:00  INFO 33344 --- [           main] tc.postgres:16-alpine                    : Container postgres:16-alpine started in PT2.4072301S
2026-05-31T17:32:51.701+03:00  INFO 33344 --- [           main] tc.postgres:16-alpine                    : Container is started (JDBC URL: jdbc:postgresql://localhost:61231/nri_db?loggerLevel=OFF)

  .   ____          _            __ _ _
 /\\ / ___'_ __ _ _(_)_ __  __ _ \ \ \ \
( ( )\___ | '_ | '_| | '_ \/ _` | \ \ \ \
 \\/  ___)| |_)| | | | | || (_| |  ) ) ) )
  '  |____| .__|_| |_|_| |_\__, | / / / /
 =========|_|==============|___/=/_/_/_/

 :: Spring Boot ::                (v4.0.5)

2026-05-31T17:32:51.851+03:00  INFO 33344 --- [           main] c.e.Back.integration.YandexOAuthIT       : Starting YandexOAuthIT using Java 21.0.11 with PID 33344 (started by GigaByte in D:\WebAppCharacterSheet\Back)
2026-05-31T17:32:51.852+03:00  INFO 33344 --- [           main] c.e.Back.integration.YandexOAuthIT       : The following 1 profile is active: "test"
2026-05-31T17:32:52.000+03:00  INFO 33344 --- [           main] .s.d.r.c.RepositoryConfigurationDelegate : Bootstrapping Spring Data R2DBC repositories in DEFAULT mode.
2026-05-31T17:32:52.026+03:00  INFO 33344 --- [           main] .s.d.r.c.RepositoryConfigurationDelegate : Finished Spring Data repository scanning in 24 ms. Found 8 R2DBC repository interfaces.
2026-05-31T17:32:52.435+03:00  INFO 33344 --- [           main] o.s.boot.reactor.netty.NettyWebServer    : Netty started on port 64308 (http)
2026-05-31T17:32:52.437+03:00  INFO 33344 --- [           main] c.e.Back.integration.YandexOAuthIT       : Started YandexOAuthIT in 0.606 seconds (process running for 43.714)
]]></system-out>
  </testcase>
  <testcase name="callback_yandexError_returns4xx" classname="com.example.Back.integration.YandexOAuthIT" time="0.024">
    <system-out><![CDATA[2026-05-31T17:32:52.575+03:00 ERROR 33344 --- [ctor-tcp-nio-11] b.w.a.e.AbstractErrorWebExceptionHandler : [e39b4250-150]  500 Server Error for HTTP POST "/api/v1/auth/yandex/callback"

org.springframework.web.reactive.function.client.WebClientResponseException$BadRequest: 400 Bad Request from POST http://kubernetes.docker.internal:64301/token
	at org.springframework.web.reactive.function.client.WebClientResponseException.create(WebClientResponseException.java:307) ~[spring-webflux-7.0.6.jar:7.0.6]
	Suppressed: The stacktrace has been enhanced by Reactor, refer to additional information below: 
Assembly trace from producer [reactor.core.publisher.MonoIgnoreThen] :
	reactor.core.publisher.Mono.then
	org.springframework.web.reactive.function.client.DefaultWebClient.releaseIfNotConsumed(DefaultWebClient.java:203)
Error has been observed at the following site(s):
	*_____________Mono.then ⇢ at org.springframework.web.reactive.function.client.DefaultWebClient.releaseIfNotConsumed(DefaultWebClient.java:203)
	|_                      ⇢ at org.springframework.web.reactive.function.client.DefaultWebClient$DefaultResponseSpec.lambda$applyStatusHandlers$0(DefaultWebClient.java:710)
	*__________Mono.flatMap ⇢ at org.springframework.web.reactive.function.client.DefaultWebClient$DefaultResponseSpec.applyStatusHandlers(DefaultWebClient.java:710)
	|_   Mono.onErrorResume ⇢ at org.springframework.web.reactive.function.client.DefaultWebClient$DefaultResponseSpec.applyStatusHandlers(DefaultWebClient.java:711)
	|_         Mono.flatMap ⇢ at org.springframework.web.reactive.function.client.DefaultWebClient$DefaultResponseSpec.applyStatusHandlers(DefaultWebClient.java:716)
	|_           checkpoint ⇢ 400 BAD_REQUEST from POST http://kubernetes.docker.internal:64301/token [DefaultWebClient]
	|_   Mono.switchIfEmpty ⇢ at org.springframework.web.reactive.function.client.DefaultWebClient$DefaultResponseSpec.handleBodyMono(DefaultWebClient.java:680)
	|_                      ⇢ at org.springframework.web.reactive.function.client.DefaultWebClient$DefaultResponseSpec.lambda$bodyToMono$0(DefaultWebClient.java:597)
	*_____________Mono.then ⇢ at org.springframework.web.reactive.function.client.DefaultWebClient.releaseIfNotConsumed(DefaultWebClient.java:203)
	|_                      ⇢ at org.springframework.web.reactive.function.client.DefaultWebClient$DefaultResponseSpec.lambda$applyStatusHandlers$1(DefaultWebClient.java:711)
	*__________Mono.flatMap ⇢ at org.springframework.web.reactive.function.client.DefaultWebClient$DefaultResponseSpec.bodyToMono(DefaultWebClient.java:596)
	|_         Mono.flatMap ⇢ at com.example.Back.service.AuthService.loginWithYandex(AuthService.java:103)
	|_         Mono.flatMap ⇢ at com.example.Back.service.AuthService.loginWithYandex(AuthService.java:104)
	|_         Mono.flatMap ⇢ at com.example.Back.service.AuthService.loginWithYandex(AuthService.java:105)
	|_                      ⇢ at org.springframework.transaction.interceptor.TransactionAspectSupport$ReactiveTransactionSupport.lambda$invokeWithinTransaction$1(TransactionAspectSupport.java:930)
	*________Mono.usingWhen ⇢ at org.springframework.transaction.interceptor.TransactionAspectSupport$ReactiveTransactionSupport.lambda$invokeWithinTransaction$0(TransactionAspectSupport.java:926)
	|_      Mono.onErrorMap ⇢ at org.springframework.transaction.interceptor.TransactionAspectSupport$ReactiveTransactionSupport.lambda$invokeWithinTransaction$0(TransactionAspectSupport.java:939)
	*__________Mono.flatMap ⇢ at org.springframework.transaction.interceptor.TransactionAspectSupport$ReactiveTransactionSupport.invokeWithinTransaction(TransactionAspectSupport.java:925)
	|_    Mono.contextWrite ⇢ at org.springframework.transaction.interceptor.TransactionAspectSupport$ReactiveTransactionSupport.invokeWithinTransaction(TransactionAspectSupport.java:940)
	|_    Mono.contextWrite ⇢ at org.springframework.transaction.interceptor.TransactionAspectSupport$ReactiveTransactionSupport.invokeWithinTransaction(TransactionAspectSupport.java:941)
	|_                      ⇢ at com.example.Back.controller.AuthController.yandexCallback(AuthController.java:59)
	|_            Mono.from ⇢ at org.springframework.core.ReactiveAdapterRegistry$ReactorAdapter.toPublisher(ReactiveAdapterRegistry.java:259)
	|_            Mono.from ⇢ at org.springframework.http.codec.AbstractJacksonEncoder.lambda$encode$0(AbstractJacksonEncoder.java:150)
	|_             Mono.map ⇢ at org.springframework.http.codec.AbstractJacksonEncoder.lambda$encode$0(AbstractJacksonEncoder.java:151)
	|_            Mono.flux ⇢ at org.springframework.http.codec.AbstractJacksonEncoder.lambda$encode$0(AbstractJacksonEncoder.java:152)
	*__Flux.deferContextual ⇢ at org.springframework.http.codec.AbstractJacksonEncoder.encode(AbstractJacksonEncoder.java:144)
	|_   Flux.singleOrEmpty ⇢ at org.springframework.http.codec.EncoderHttpMessageWriter.write(EncoderHttpMessageWriter.java:126)
	|_   Mono.switchIfEmpty ⇢ at org.springframework.http.codec.EncoderHttpMessageWriter.write(EncoderHttpMessageWriter.java:127)
	|_         Mono.flatMap ⇢ at org.springframework.http.codec.EncoderHttpMessageWriter.write(EncoderHttpMessageWriter.java:132)
	|_     Mono.doOnDiscard ⇢ at org.springframework.http.codec.EncoderHttpMessageWriter.write(EncoderHttpMessageWriter.java:138)
	|_                      ⇢ at org.springframework.http.codec.EncoderHttpMessageWriter.write(EncoderHttpMessageWriter.java:214)
	|_                      ⇢ at org.springframework.web.reactive.result.method.annotation.AbstractMessageWriterResultHandler.writeBody(AbstractMessageWriterResultHandler.java:154)
	|_                      ⇢ at org.springframework.web.reactive.result.method.annotation.ResponseBodyResultHandler.handleResult(ResponseBodyResultHandler.java:118)
	|_           checkpoint ⇢ Handler com.example.Back.controller.AuthController#yandexCallback(YandexCallbackRequest) [DispatcherHandler]
	*______________________ ⇢ at org.springframework.web.server.handler.DefaultWebFilterChain.lambda$filter$0(DefaultWebFilterChain.java:105)
	*____________Mono.defer ⇢ at org.springframework.web.server.handler.DefaultWebFilterChain.filter(DefaultWebFilterChain.java:104)
	|_                      ⇢ at com.example.Back.security.JwtAuthenticationFilter.filter(JwtAuthenticationFilter.java:25)
	|_           checkpoint ⇢ com.example.Back.security.JwtAuthenticationFilter@54362745
	|_                      ⇢ at org.springframework.web.server.handler.DefaultWebFilterChain.lambda$filter$0(DefaultWebFilterChain.java:105)
	*____________Mono.defer ⇢ at org.springframework.web.server.handler.DefaultWebFilterChain.filter(DefaultWebFilterChain.java:104)
	|_                      ⇢ at org.springframework.web.server.handler.DefaultWebFilterChain.lambda$filter$0(DefaultWebFilterChain.java:105)
	*____________Mono.defer ⇢ at org.springframework.web.server.handler.DefaultWebFilterChain.filter(DefaultWebFilterChain.java:104)
	*____Mono.switchIfEmpty ⇢ at org.springframework.security.web.server.authorization.AuthorizationWebFilter.filter(AuthorizationWebFilter.java:57)
	|_           checkpoint ⇢ org.springframework.security.web.server.authorization.AuthorizationWebFilter@6c373129
	|_                      ⇢ at org.springframework.web.server.handler.DefaultWebFilterChain.lambda$filter$0(DefaultWebFilterChain.java:105)
	*____________Mono.defer ⇢ at org.springframework.web.server.handler.DefaultWebFilterChain.filter(DefaultWebFilterChain.java:104)
	|_   Mono.onErrorResume ⇢ at org.springframework.security.web.server.authorization.ExceptionTranslationWebFilter.filter(ExceptionTranslationWebFilter.java:54)
	|_           checkpoint ⇢ org.springframework.security.web.server.authorization.ExceptionTranslationWebFilter@24a950d1
	|_                      ⇢ at org.springframework.web.server.handler.DefaultWebFilterChain.lambda$filter$0(DefaultWebFilterChain.java:105)
	*____________Mono.defer ⇢ at org.springframework.web.server.handler.DefaultWebFilterChain.filter(DefaultWebFilterChain.java:104)
	*_____________Mono.then ⇢ at org.springframework.security.web.server.authentication.logout.LogoutWebFilter.filter(LogoutWebFilter.java:63)
	*____Mono.switchIfEmpty ⇢ at org.springframework.security.web.server.authentication.logout.LogoutWebFilter.filter(LogoutWebFilter.java:63)
	|_             Mono.map ⇢ at org.springframework.security.web.server.authentication.logout.LogoutWebFilter.filter(LogoutWebFilter.java:64)
	|_         Mono.flatMap ⇢ at org.springframework.security.web.server.authentication.logout.LogoutWebFilter.filter(LogoutWebFilter.java:65)
	|_         Mono.flatMap ⇢ at org.springframework.security.web.server.authentication.logout.LogoutWebFilter.filter(LogoutWebFilter.java:66)
	|_           checkpoint ⇢ org.springframework.security.web.server.authentication.logout.LogoutWebFilter@697cd11e
	|_                      ⇢ at org.springframework.web.server.handler.DefaultWebFilterChain.lambda$filter$0(DefaultWebFilterChain.java:105)
	*____________Mono.defer ⇢ at org.springframework.web.server.handler.DefaultWebFilterChain.filter(DefaultWebFilterChain.java:104)
	|_                      ⇢ at org.springframework.security.web.server.savedrequest.ServerRequestCacheWebFilter.lambda$filter$1(ServerRequestCacheWebFilter.java:41)
	*__________Mono.flatMap ⇢ at org.springframework.security.web.server.savedrequest.ServerRequestCacheWebFilter.filter(ServerRequestCacheWebFilter.java:41)
	|_           checkpoint ⇢ org.springframework.security.web.server.savedrequest.ServerRequestCacheWebFilter@792009bb
	|_                      ⇢ at org.springframework.web.server.handler.DefaultWebFilterChain.lambda$filter$0(DefaultWebFilterChain.java:105)
	*____________Mono.defer ⇢ at org.springframework.web.server.handler.DefaultWebFilterChain.filter(DefaultWebFilterChain.java:104)
	|_                      ⇢ at org.springframework.security.web.server.context.SecurityContextServerWebExchangeWebFilter.filter(SecurityContextServerWebExchangeWebFilter.java:38)
	|_           checkpoint ⇢ org.springframework.security.web.server.context.SecurityContextServerWebExchangeWebFilter@1f7ef4f6
	|_                      ⇢ at org.springframework.web.server.handler.DefaultWebFilterChain.lambda$filter$0(DefaultWebFilterChain.java:105)
	*____________Mono.defer ⇢ at org.springframework.web.server.handler.DefaultWebFilterChain.filter(DefaultWebFilterChain.java:104)
	|_                      ⇢ at com.example.Back.security.JwtAuthenticationFilter.filter(JwtAuthenticationFilter.java:25)
	|_           checkpoint ⇢ com.example.Back.security.JwtAuthenticationFilter@54362745
	|_                      ⇢ at org.springframework.web.server.handler.DefaultWebFilterChain.lambda$filter$0(DefaultWebFilterChain.java:105)
	*____________Mono.defer ⇢ at org.springframework.web.server.handler.DefaultWebFilterChain.filter(DefaultWebFilterChain.java:104)
	|_    Mono.contextWrite ⇢ at org.springframework.security.web.server.context.ReactorContextWebFilter.filter(ReactorContextWebFilter.java:48)
	|_           checkpoint ⇢ org.springframework.security.web.server.context.ReactorContextWebFilter@28dc0f17
	|_                      ⇢ at org.springframework.web.server.handler.DefaultWebFilterChain.lambda$filter$0(DefaultWebFilterChain.java:105)
	*____________Mono.defer ⇢ at org.springframework.web.server.handler.DefaultWebFilterChain.filter(DefaultWebFilterChain.java:104)
	|_           checkpoint ⇢ org.springframework.web.cors.reactive.CorsWebFilter@674753b4
	|_                      ⇢ at org.springframework.web.server.handler.DefaultWebFilterChain.lambda$filter$0(DefaultWebFilterChain.java:105)
	*____________Mono.defer ⇢ at org.springframework.web.server.handler.DefaultWebFilterChain.filter(DefaultWebFilterChain.java:104)
	|_                      ⇢ at org.springframework.security.web.server.header.HttpHeaderWriterWebFilter.filter(HttpHeaderWriterWebFilter.java:44)
	|_           checkpoint ⇢ org.springframework.security.web.server.header.HttpHeaderWriterWebFilter@190ff6f4
	|_                      ⇢ at org.springframework.web.server.handler.DefaultWebFilterChain.lambda$filter$0(DefaultWebFilterChain.java:105)
	*____________Mono.defer ⇢ at org.springframework.web.server.handler.DefaultWebFilterChain.filter(DefaultWebFilterChain.java:104)
	|_    Mono.contextWrite ⇢ at org.springframework.security.config.web.server.ServerHttpSecurity$ServerWebExchangeReactorContextWebFilter.filter(ServerHttpSecurity.java:3161)
	|_           checkpoint ⇢ org.springframework.security.config.web.server.ServerHttpSecurity$ServerWebExchangeReactorContextWebFilter@5c0d6311
	|_                      ⇢ at org.springframework.web.server.handler.DefaultWebFilterChain.lambda$filter$0(DefaultWebFilterChain.java:105)
	*____________Mono.defer ⇢ at org.springframework.web.server.handler.DefaultWebFilterChain.filter(DefaultWebFilterChain.java:104)
	|_                      ⇢ at org.springframework.security.web.server.WebFilterChainProxy.lambda$filterFirewalledExchange$6(WebFilterChainProxy.java:78)
	*__________Mono.flatMap ⇢ at org.springframework.security.web.server.WebFilterChainProxy.filterFirewalledExchange(WebFilterChainProxy.java:78)
	|_                      ⇢ at org.springframework.security.web.server.WebFilterChainProxy.lambda$filter$0(WebFilterChainProxy.java:65)
	*__________Mono.flatMap ⇢ at org.springframework.security.web.server.WebFilterChainProxy.filter(WebFilterChainProxy.java:65)
	|_   Mono.onErrorResume ⇢ at org.springframework.security.web.server.WebFilterChainProxy.filter(WebFilterChainProxy.java:66)
	|_           checkpoint ⇢ org.springframework.security.web.server.WebFilterChainProxy@7b14953f
	|_                      ⇢ at org.springframework.web.server.handler.DefaultWebFilterChain.lambda$filter$0(DefaultWebFilterChain.java:105)
	*____________Mono.defer ⇢ at org.springframework.web.server.handler.DefaultWebFilterChain.filter(DefaultWebFilterChain.java:104)
	|_                      ⇢ at org.springframework.web.server.handler.FilteringWebHandler.handle(FilteringWebHandler.java:59)
	|_                      ⇢ at org.springframework.web.server.handler.WebHandlerDecorator.handle(WebHandlerDecorator.java:56)
	|_       Mono.doOnError ⇢ at org.springframework.web.server.handler.ExceptionHandlingWebHandler.handle(ExceptionHandlingWebHandler.java:84)
	|_   Mono.onErrorResume ⇢ at org.springframework.web.server.handler.ExceptionHandlingWebHandler.handle(ExceptionHandlingWebHandler.java:85)
	|_       Mono.doOnError ⇢ at org.springframework.web.server.handler.ExceptionHandlingWebHandler.handle(ExceptionHandlingWebHandler.java:84)
	*____________Mono.error ⇢ at org.springframework.web.server.handler.ExceptionHandlingWebHandler$CheckpointInsertingHandler.handle(ExceptionHandlingWebHandler.java:106)
	|_           checkpoint ⇢ HTTP POST "/api/v1/auth/yandex/callback" [ExceptionHandlingWebHandler]
	|_                      ⇢ at org.springframework.web.server.handler.ExceptionHandlingWebHandler.lambda$handle$1(ExceptionHandlingWebHandler.java:85)
Original Stack Trace:
		at org.springframework.web.reactive.function.client.WebClientResponseException.create(WebClientResponseException.java:307) ~[spring-webflux-7.0.6.jar:7.0.6]
		at org.springframework.web.reactive.function.client.DefaultClientResponse.lambda$createException$1(DefaultClientResponse.java:214) ~[spring-webflux-7.0.6.jar:7.0.6]
		at reactor.core.publisher.FluxMapFuseable$MapFuseableSubscriber.onNext(FluxMapFuseable.java:114) ~[reactor-core-3.8.4.jar:3.8.4]
		at reactor.core.publisher.FluxOnErrorReturn$ReturnSubscriber.onNext(FluxOnErrorReturn.java:159) ~[reactor-core-3.8.4.jar:3.8.4]
		at reactor.core.publisher.FluxDefaultIfEmpty$DefaultIfEmptySubscriber.onNext(FluxDefaultIfEmpty.java:122) ~[reactor-core-3.8.4.jar:3.8.4]
		at reactor.core.publisher.FluxMapFuseable$MapFuseableSubscriber.onNext(FluxMapFuseable.java:130) ~[reactor-core-3.8.4.jar:3.8.4]
		at reactor.core.publisher.FluxContextWrite$ContextWriteSubscriber.onNext(FluxContextWrite.java:109) ~[reactor-core-3.8.4.jar:3.8.4]
		at reactor.core.publisher.FluxMapFuseable$MapFuseableConditionalSubscriber.onNext(FluxMapFuseable.java:300) ~[reactor-core-3.8.4.jar:3.8.4]
		at reactor.core.publisher.FluxFilterFuseable$FilterFuseableConditionalSubscriber.onNext(FluxFilterFuseable.java:338) ~[reactor-core-3.8.4.jar:3.8.4]
		at reactor.core.publisher.Operators$BaseFluxToMonoOperator.completePossiblyEmpty(Operators.java:2093) ~[reactor-core-3.8.4.jar:3.8.4]
		at reactor.core.publisher.MonoCollect$CollectSubscriber.onComplete(MonoCollect.java:144) ~[reactor-core-3.8.4.jar:3.8.4]
		at reactor.core.publisher.FluxMapFuseable$MapFuseableSubscriber.onComplete(FluxMapFuseable.java:153) ~[reactor-core-3.8.4.jar:3.8.4]
		at reactor.core.publisher.FluxPeekFuseable$PeekFuseableSubscriber.onComplete(FluxPeekFuseable.java:278) ~[reactor-core-3.8.4.jar:3.8.4]
		at reactor.core.publisher.FluxMapFuseable$MapFuseableSubscriber.onComplete(FluxMapFuseable.java:153) ~[reactor-core-3.8.4.jar:3.8.4]
		at reactor.netty.channel.FluxReceive.onInboundComplete(FluxReceive.java:419) ~[reactor-netty-core-1.3.4.jar:1.3.4]
		at reactor.netty.channel.ChannelOperations.onInboundComplete(ChannelOperations.java:467) ~[reactor-netty-core-1.3.4.jar:1.3.4]
		at reactor.netty.channel.ChannelOperations.terminate(ChannelOperations.java:521) ~[reactor-netty-core-1.3.4.jar:1.3.4]
		at reactor.netty.http.client.HttpClientOperations.onInboundNext(HttpClientOperations.java:956) ~[reactor-netty-http-1.3.4.jar:1.3.4]
		at reactor.netty.channel.ChannelOperationsHandler.channelRead(ChannelOperationsHandler.java:115) ~[reactor-netty-core-1.3.4.jar:1.3.4]
		at io.netty.channel.AbstractChannelHandlerContext.fireChannelRead(AbstractChannelHandlerContext.java:357) ~[netty-transport-4.2.12.Final.jar:4.2.12.Final]
		at io.netty.handler.codec.http.HttpContentDecoder.decode(HttpContentDecoder.java:170) ~[netty-codec-http-4.2.12.Final.jar:4.2.12.Final]
		at io.netty.handler.codec.http.HttpContentDecoder.decode(HttpContentDecoder.java:48) ~[netty-codec-http-4.2.12.Final.jar:4.2.12.Final]
		at io.netty.handler.codec.MessageToMessageDecoder.channelRead(MessageToMessageDecoder.java:91) ~[netty-codec-base-4.2.12.Final.jar:4.2.12.Final]
		at io.netty.channel.AbstractChannelHandlerContext.fireChannelRead(AbstractChannelHandlerContext.java:357) ~[netty-transport-4.2.12.Final.jar:4.2.12.Final]
		at io.netty.channel.CombinedChannelDuplexHandler$DelegatingChannelHandlerContext.fireChannelRead(CombinedChannelDuplexHandler.java:434) ~[netty-transport-4.2.12.Final.jar:4.2.12.Final]
		at io.netty.handler.codec.ByteToMessageDecoder.fireChannelRead(ByteToMessageDecoder.java:361) ~[netty-codec-base-4.2.12.Final.jar:4.2.12.Final]
		at io.netty.handler.codec.ByteToMessageDecoder.channelRead(ByteToMessageDecoder.java:325) ~[netty-codec-base-4.2.12.Final.jar:4.2.12.Final]
		at io.netty.channel.CombinedChannelDuplexHandler.channelRead(CombinedChannelDuplexHandler.java:249) ~[netty-transport-4.2.12.Final.jar:4.2.12.Final]
		at io.netty.channel.AbstractChannelHandlerContext.fireChannelRead(AbstractChannelHandlerContext.java:355) ~[netty-transport-4.2.12.Final.jar:4.2.12.Final]
		at io.netty.channel.DefaultChannelPipeline$HeadContext.channelRead(DefaultChannelPipeline.java:1429) ~[netty-transport-4.2.12.Final.jar:4.2.12.Final]
		at io.netty.channel.DefaultChannelPipeline.fireChannelRead(DefaultChannelPipeline.java:918) ~[netty-transport-4.2.12.Final.jar:4.2.12.Final]
		at io.netty.channel.nio.AbstractNioByteChannel$NioByteUnsafe.read(AbstractNioByteChannel.java:176) ~[netty-transport-4.2.12.Final.jar:4.2.12.Final]
		at io.netty.channel.nio.AbstractNioChannel$AbstractNioUnsafe.handle(AbstractNioChannel.java:445) ~[netty-transport-4.2.12.Final.jar:4.2.12.Final]
		at io.netty.channel.nio.NioIoHandler$DefaultNioRegistration.handle(NioIoHandler.java:388) ~[netty-transport-4.2.12.Final.jar:4.2.12.Final]
		at io.netty.channel.nio.NioIoHandler.processSelectedKey(NioIoHandler.java:596) ~[netty-transport-4.2.12.Final.jar:4.2.12.Final]
		at io.netty.channel.nio.NioIoHandler.processSelectedKeysOptimized(NioIoHandler.java:571) ~[netty-transport-4.2.12.Final.jar:4.2.12.Final]
		at io.netty.channel.nio.NioIoHandler.processSelectedKeys(NioIoHandler.java:512) ~[netty-transport-4.2.12.Final.jar:4.2.12.Final]
		at io.netty.channel.nio.NioIoHandler.run(NioIoHandler.java:484) ~[netty-transport-4.2.12.Final.jar:4.2.12.Final]
		at io.netty.channel.SingleThreadIoEventLoop.runIo(SingleThreadIoEventLoop.java:225) ~[netty-transport-4.2.12.Final.jar:4.2.12.Final]
		at io.netty.channel.SingleThreadIoEventLoop.run(SingleThreadIoEventLoop.java:196) ~[netty-transport-4.2.12.Final.jar:4.2.12.Final]
		at io.netty.util.concurrent.SingleThreadEventExecutor$5.run(SingleThreadEventExecutor.java:1195) ~[netty-common-4.2.12.Final.jar:4.2.12.Final]
		at io.netty.util.internal.ThreadExecutorMap$2.run(ThreadExecutorMap.java:74) ~[netty-common-4.2.12.Final.jar:4.2.12.Final]
		at io.netty.util.concurrent.FastThreadLocalRunnable.run(FastThreadLocalRunnable.java:30) ~[netty-common-4.2.12.Final.jar:4.2.12.Final]
		at java.base/java.lang.Thread.run(Thread.java:1583) ~[na:na]

]]></system-out>
  </testcase>
  <testcase name="callbackEndpointIsPublic" classname="com.example.Back.integration.YandexOAuthIT" time="0.043"/>
</testsuite>