<?xml version="1.0" encoding="UTF-8"?>
<testsuite xmlns:xsi="http://www.w3.org/2001/XMLSchema-instance" xsi:noNamespaceSchemaLocation="https://maven.apache.org/surefire/maven-surefire-plugin/xsd/surefire-test-report.xsd" version="3.0.2" name="com.example.Back.service.YandexOAuthServiceTest" time="0.047" tests="5" errors="0" skipped="0" failures="0" flakes="0">
  <properties>
[...]
</properties>
  <testcase name="fetchUserInfo_correctHeaderAndParse" classname="com.example.Back.service.YandexOAuthServiceTest" time="0.015"/>
  <testcase name="fetchUserInfo_unauthorized" classname="com.example.Back.service.YandexOAuthServiceTest" time="0.011"/>
  <testcase name="exchange_sendsCorrectFormAndParses" classname="com.example.Back.service.YandexOAuthServiceTest" time="0.009"/>
  <testcase name="yandexTokenResponse_jacksonContract" classname="com.example.Back.service.YandexOAuthServiceTest" time="0.003"/>
  <testcase name="exchange_propagatesYandex400" classname="com.example.Back.service.YandexOAuthServiceTest" time="0.008"/>
</testsuite>